<?xml version="1.0" encoding="UTF-8"?>
<testsuite xmlns:xsi="http://www.w3.org/2001/XMLSchema-instance" xsi:noNamespaceSchemaLocation="https://maven.apache.org/surefire/maven-surefire-plugin/xsd/surefire-test-report-3.0.xsd" version="3.0" name="com.example.demo.BridgeUApplicationTests" time="9.376" tests="1" errors="0" skipped="0" failures="0">
  <properties>
[...]
</properties>
  <testcase name="contextLoads" classname="com.example.demo.BridgeUApplicationTests" time="0.772">
    <system-out><![CDATA[16:18:58.328 [main] INFO org.springframework.test.context.support.AnnotationConfigContextLoaderUtils -- Could not detect default configuration classes for test class [com.example.demo.BridgeUApplicationTests]: BridgeUApplicationTests does not declare any static, non-private, non-final, nested classes annotated with @Configuration.
16:18:58.513 [main] INFO org.springframework.boot.test.context.SpringBootTestContextBootstrapper -- Found @SpringBootConfiguration com.example.demo.BridgeUApplication for test class com.example.demo.BridgeUApplicationTests

  .   ____          _            __ _ _
 /\\ / ___'_ __ _ _(_)_ __  __ _ \ \ \ \
( ( )\___ | '_ | '_| | '_ \/ _` | \ \ \ \
 \\/  ___)| |_)| | | | | || (_| |  ) ) ) )
  '  |____| .__|_| |_|_| |_\__, | / / / /
 =========|_|==============|___/=/_/_/_/
 :: Spring Boot ::                (v3.2.0)

2025-09-22T16:18:59.470+09:00  INFO 23108 --- [BridgeU] [           main] c.example.demo.BridgeUApplicationTests   : Starting BridgeUApplicationTests using Java 17.0.12 with PID 23108 (started by yeon2 in C:\Users\yeon2\OneDrive\Desktop\Projects\BridgeU\bridgeU-backend)
2025-09-22T16:18:59.472+09:00 DEBUG 23108 --- [BridgeU] [           main] c.example.demo.BridgeUApplicationTests   : Running with Spring Boot v3.2.0, Spring v6.1.1
2025-09-22T16:18:59.473+09:00  INFO 23108 --- [BridgeU] [           main] c.example.demo.BridgeUApplicationTests   : No active profile set, falling back to 1 default profile: "default"
2025-09-22T16:19:00.860+09:00  INFO 23108 --- [BridgeU] [           main] .s.d.r.c.RepositoryConfigurationDelegate : Bootstrapping Spring Data JPA repositories in DEFAULT mode.
2025-09-22T16:19:00.950+09:00  INFO 23108 --- [BridgeU] [           main] .s.d.r.c.RepositoryConfigurationDelegate : Finished Spring Data repository scanning in 77 ms. Found 1 JPA repository interface.
2025-09-22T16:19:01.891+09:00  INFO 23108 --- [BridgeU] [           main] o.hibernate.jpa.internal.util.LogHelper  : HHH000204: Processing PersistenceUnitInfo [name: default]
2025-09-22T16:19:02.049+09:00  INFO 23108 --- [BridgeU] [           main] org.hibernate.Version                    : HHH000412: Hibernate ORM core version 6.3.1.Final
2025-09-22T16:19:02.108+09:00  INFO 23108 --- [BridgeU] [           main] o.h.c.internal.RegionFactoryInitiator    : HHH000026: Second-level cache disabled
2025-09-22T16:19:02.583+09:00  INFO 23108 --- [BridgeU] [           main] o.s.o.j.p.SpringPersistenceUnitInfo      : No LoadTimeWeaver setup: ignoring JPA class transformer
2025-09-22T16:19:02.630+09:00  INFO 23108 --- [BridgeU] [           main] com.zaxxer.hikari.HikariDataSource       : HikariPool-1 - Starting...
2025-09-22T16:19:03.076+09:00  INFO 23108 --- [BridgeU] [           main] com.zaxxer.hikari.pool.HikariPool        : HikariPool-1 - Added connection org.postgresql.jdbc.PgConnection@919086
2025-09-22T16:19:03.078+09:00  INFO 23108 --- [BridgeU] [           main] com.zaxxer.hikari.HikariDataSource       : HikariPool-1 - Start completed.
2025-09-22T16:19:03.125+09:00  WARN 23108 --- [BridgeU] [           main] org.hibernate.orm.deprecation            : HHH90000025: PostgreSQLDialect does not need to be specified explicitly using 'hibernate.dialect' (remove the property setting and it will be selected by default)
2025-09-22T16:19:04.392+09:00  INFO 23108 --- [BridgeU] [           main] o.h.e.t.j.p.i.JtaPlatformInitiator       : HHH000489: No JTA platform available (set 'hibernate.transaction.jta.platform' to enable JTA platform integration)
2025-09-22T16:19:04.474+09:00  INFO 23108 --- [BridgeU] [           main] j.LocalContainerEntityManagerFactoryBean : Initialized JPA EntityManagerFactory for persistence unit 'default'
2025-09-22T16:19:05.415+09:00  WARN 23108 --- [BridgeU] [           main] JpaBaseConfiguration$JpaWebConfiguration : spring.jpa.open-in-view is enabled by default. Therefore, database queries may be performed during view rendering. Explicitly configure spring.jpa.open-in-view to disable this warning
2025-09-22T16:19:05.523+09:00  WARN 23108 --- [BridgeU] [           main] .s.s.UserDetailsServiceAutoConfiguration : 

Using generated security password: 639a6cb3-e652-43a3-bf25-4d2cfb3532c0

This generated password is for development use only. Your security configuration must be updated before running your application in production.

2025-09-22T16:19:06.095+09:00  INFO 23108 --- [BridgeU] [           main] o.s.s.web.DefaultSecurityFilterChain     : Will secure any request with [org.springframework.security.web.session.DisableEncodeUrlFilter@2afe825a, org.springframework.security.web.context.request.async.WebAsyncManagerIntegrationFilter@49c6ee4a, org.springframework.security.web.context.SecurityContextHolderFilter@1dc2c13c, org.springframework.security.web.header.HeaderWriterFilter@469bd719, org.springframework.web.filter.CorsFilter@4dd425dc, org.springframework.security.web.authentication.logout.LogoutFilter@357e7113, org.springframework.security.web.savedrequest.RequestCacheAwareFilter@127320df, org.springframework.security.web.servletapi.SecurityContextHolderAwareRequestFilter@6c3884f5, org.springframework.security.web.authentication.AnonymousAuthenticationFilter@4549d616, org.springframework.security.web.access.ExceptionTranslationFilter@76c85485, org.springframework.security.web.access.intercept.AuthorizationFilter@21084a6d]
2025-09-22T16:19:06.621+09:00  INFO 23108 --- [BridgeU] [           main] c.example.demo.BridgeUApplicationTests   : Started BridgeUApplicationTests in 7.746 seconds (process running for 9.942)
]]></system-out>
  </testcase>
</testsuite>